<?xml version="1.0" encoding="UTF-8"?>
<testng-results ignored="0" total="1" passed="1" failed="0" skipped="0">
  <reporter-output>
  </reporter-output>
  <suite started-at="2019-04-27T07:10:30Z" name="suite" finished-at="2019-04-27T07:12:54Z" duration-ms="144370">
    <groups>
    </groups>
    <test started-at="2019-04-27T07:10:30Z" name="test" finished-at="2019-04-27T07:12:54Z" duration-ms="144370">
      <class name="trivago.trivago">
        <test-method is-config="true" signature="setUp()[pri:0, instance:trivago.trivago@5fe94a96]" started-at="2019-04-27T07:10:30Z" name="setUp" finished-at="2019-04-27T07:10:37Z" duration-ms="6847" status="PASS">
          <reporter-output>
          </reporter-output>
        </test-method> <!-- setUp -->
        <test-method signature="booking()[pri:0, instance:trivago.trivago@5fe94a96]" started-at="2019-04-27T07:10:37Z" name="booking" finished-at="2019-04-27T07:12:53Z" duration-ms="136475" status="PASS">
          <reporter-output>
          </reporter-output>
        </test-method> <!-- booking -->
        <test-method is-config="true" signature="tearDown()[pri:0, instance:trivago.trivago@5fe94a96]" started-at="2019-04-27T07:12:53Z" name="tearDown" finished-at="2019-04-27T07:12:54Z" duration-ms="998" status="PASS">
          <reporter-output>
          </reporter-output>
        </test-method> <!-- tearDown -->
      </class> <!-- trivago.trivago -->
    </test> <!-- test -->
  </suite> <!-- suite -->
</testng-results>
